GowinSynthesis start
Running parser ...
Analyzing Verilog file 'E:\sonhaftadersi\fpga_odev2\src\Dual_path_memory.v'
Compiling module 'cift_yollu_bellek'("E:\sonhaftadersi\fpga_odev2\src\Dual_path_memory.v":1)
Extracting RAM for identifier 'mem'("E:\sonhaftadersi\fpga_odev2\src\Dual_path_memory.v":24)
WARN  (EX3791) : Expression size 32 truncated to fit in target size 4("E:\sonhaftadersi\fpga_odev2\src\Dual_path_memory.v":47)
WARN  (EX3791) : Expression size 32 truncated to fit in target size 4("E:\sonhaftadersi\fpga_odev2\src\Dual_path_memory.v":48)
NOTE  (EX0101) : Current top module is "cift_yollu_bellek"
[5%] Running netlist conversion ...
Running device independent optimization ...
[10%] Optimizing Phase 0 completed
[15%] Optimizing Phase 1 completed
[25%] Optimizing Phase 2 completed
Running inference ...
[30%] Inferring Phase 0 completed
[40%] Inferring Phase 1 completed
[50%] Inferring Phase 2 completed
[55%] Inferring Phase 3 completed
Running technical mapping ...
[60%] Tech-Mapping Phase 0 completed
[65%] Tech-Mapping Phase 1 completed
[75%] Tech-Mapping Phase 2 completed
[80%] Tech-Mapping Phase 3 completed
[90%] Tech-Mapping Phase 4 completed
[95%] Generate netlist file "E:\sonhaftadersi\fpga_odev2\impl\gwsynthesis\fpga_odev2.vg" completed
[100%] Generate report file "E:\sonhaftadersi\fpga_odev2\impl\gwsynthesis\fpga_odev2_syn.rpt.html" completed
GowinSynthesis finish
