Reading netlist file: "E:\sonhaftadersi\fpga_odev2\impl\gwsynthesis\fpga_odev2.vg"
Parsing netlist file "E:\sonhaftadersi\fpga_odev2\impl\gwsynthesis\fpga_odev2.vg" completed
Processing netlist completed
Reading constraint file: "E:\sonhaftadersi\fpga_odev2\src\fpga_odev2.cst"
ERROR  (CT1135) : "E:\sonhaftadersi\fpga_odev2\src\fpga_odev2.cst":9 | Can't find object named 'q_b[4]'
ERROR  (CT1135) : "E:\sonhaftadersi\fpga_odev2\src\fpga_odev2.cst":10 | Can't find object named 'q_b[4]'
ERROR  (CT1135) : "E:\sonhaftadersi\fpga_odev2\src\fpga_odev2.cst":11 | Can't find object named 'q_b[3]'
ERROR  (CT1135) : "E:\sonhaftadersi\fpga_odev2\src\fpga_odev2.cst":12 | Can't find object named 'q_b[3]'
ERROR  (CT1135) : "E:\sonhaftadersi\fpga_odev2\src\fpga_odev2.cst":13 | Can't find object named 'q_b[2]'
ERROR  (CT1135) : "E:\sonhaftadersi\fpga_odev2\src\fpga_odev2.cst":14 | Can't find object named 'q_b[2]'
ERROR  (CT1135) : "E:\sonhaftadersi\fpga_odev2\src\fpga_odev2.cst":15 | Can't find object named 'q_b[1]'
ERROR  (CT1135) : "E:\sonhaftadersi\fpga_odev2\src\fpga_odev2.cst":16 | Can't find object named 'q_b[1]'
ERROR  (CT1135) : "E:\sonhaftadersi\fpga_odev2\src\fpga_odev2.cst":17 | Can't find object named 'q_b[0]'
ERROR  (CT1135) : "E:\sonhaftadersi\fpga_odev2\src\fpga_odev2.cst":18 | Can't find object named 'q_b[0]'
ERROR  (CT1135) : "E:\sonhaftadersi\fpga_odev2\src\fpga_odev2.cst":19 | Can't find object named 'q_a[4]'
ERROR  (CT1135) : "E:\sonhaftadersi\fpga_odev2\src\fpga_odev2.cst":20 | Can't find object named 'q_a[4]'
ERROR  (CT1135) : "E:\sonhaftadersi\fpga_odev2\src\fpga_odev2.cst":21 | Can't find object named 'q_a[3]'
ERROR  (CT1135) : "E:\sonhaftadersi\fpga_odev2\src\fpga_odev2.cst":22 | Can't find object named 'q_a[3]'
ERROR  (CT1135) : "E:\sonhaftadersi\fpga_odev2\src\fpga_odev2.cst":23 | Can't find object named 'q_a[2]'
ERROR  (CT1135) : "E:\sonhaftadersi\fpga_odev2\src\fpga_odev2.cst":24 | Can't find object named 'q_a[2]'
ERROR  (CT1135) : "E:\sonhaftadersi\fpga_odev2\src\fpga_odev2.cst":25 | Can't find object named 'q_a[1]'
ERROR  (CT1135) : "E:\sonhaftadersi\fpga_odev2\src\fpga_odev2.cst":26 | Can't find object named 'q_a[1]'
ERROR  (CT1135) : "E:\sonhaftadersi\fpga_odev2\src\fpga_odev2.cst":27 | Can't find object named 'w_enable_b'
ERROR  (CT1135) : "E:\sonhaftadersi\fpga_odev2\src\fpga_odev2.cst":28 | Can't find object named 'w_enable_b'
ERROR  (CT1135) : "E:\sonhaftadersi\fpga_odev2\src\fpga_odev2.cst":29 | Can't find object named 'w_enable_a'
ERROR  (CT1135) : "E:\sonhaftadersi\fpga_odev2\src\fpga_odev2.cst":30 | Can't find object named 'w_enable_a'
ERROR  (CT1135) : "E:\sonhaftadersi\fpga_odev2\src\fpga_odev2.cst":31 | Can't find object named 'dat_b[4]'
ERROR  (CT1135) : "E:\sonhaftadersi\fpga_odev2\src\fpga_odev2.cst":32 | Can't find object named 'dat_b[4]'
ERROR  (CT1135) : "E:\sonhaftadersi\fpga_odev2\src\fpga_odev2.cst":33 | Can't find object named 'dat_b[3]'
ERROR  (CT1135) : "E:\sonhaftadersi\fpga_odev2\src\fpga_odev2.cst":34 | Can't find object named 'dat_b[3]'
ERROR  (CT1135) : "E:\sonhaftadersi\fpga_odev2\src\fpga_odev2.cst":35 | Can't find object named 'dat_b[2]'
ERROR  (CT1135) : "E:\sonhaftadersi\fpga_odev2\src\fpga_odev2.cst":36 | Can't find object named 'dat_b[2]'
ERROR  (CT1135) : "E:\sonhaftadersi\fpga_odev2\src\fpga_odev2.cst":37 | Can't find object named 'dat_b[1]'
ERROR  (CT1135) : "E:\sonhaftadersi\fpga_odev2\src\fpga_odev2.cst":38 | Can't find object named 'dat_b[1]'
ERROR  (CT1135) : "E:\sonhaftadersi\fpga_odev2\src\fpga_odev2.cst":39 | Can't find object named 'dat_b[0]'
ERROR  (CT1135) : "E:\sonhaftadersi\fpga_odev2\src\fpga_odev2.cst":40 | Can't find object named 'dat_b[0]'
ERROR  (CT1135) : "E:\sonhaftadersi\fpga_odev2\src\fpga_odev2.cst":41 | Can't find object named 'dat_a[4]'
ERROR  (CT1135) : "E:\sonhaftadersi\fpga_odev2\src\fpga_odev2.cst":42 | Can't find object named 'dat_a[4]'
ERROR  (CT1135) : "E:\sonhaftadersi\fpga_odev2\src\fpga_odev2.cst":43 | Can't find object named 'dat_a[3]'
ERROR  (CT1135) : "E:\sonhaftadersi\fpga_odev2\src\fpga_odev2.cst":44 | Can't find object named 'dat_a[3]'
ERROR  (CT1135) : "E:\sonhaftadersi\fpga_odev2\src\fpga_odev2.cst":45 | Can't find object named 'dat_a[2]'
ERROR  (CT1135) : "E:\sonhaftadersi\fpga_odev2\src\fpga_odev2.cst":46 | Can't find object named 'dat_a[2]'
ERROR  (CT1135) : "E:\sonhaftadersi\fpga_odev2\src\fpga_odev2.cst":47 | Can't find object named 'dat_a[1]'
ERROR  (CT1135) : "E:\sonhaftadersi\fpga_odev2\src\fpga_odev2.cst":48 | Can't find object named 'dat_a[1]'
ERROR  (CT1135) : "E:\sonhaftadersi\fpga_odev2\src\fpga_odev2.cst":49 | Can't find object named 'dat_a[0]'
ERROR  (CT1135) : "E:\sonhaftadersi\fpga_odev2\src\fpga_odev2.cst":50 | Can't find object named 'dat_a[0]'
ERROR  (CT1135) : "E:\sonhaftadersi\fpga_odev2\src\fpga_odev2.cst":51 | Can't find object named 'b[4]'
ERROR  (CT1135) : "E:\sonhaftadersi\fpga_odev2\src\fpga_odev2.cst":52 | Can't find object named 'b[4]'
ERROR  (CT1135) : "E:\sonhaftadersi\fpga_odev2\src\fpga_odev2.cst":53 | Can't find object named 'b[3]'
ERROR  (CT1135) : "E:\sonhaftadersi\fpga_odev2\src\fpga_odev2.cst":54 | Can't find object named 'b[3]'
ERROR  (CT1135) : "E:\sonhaftadersi\fpga_odev2\src\fpga_odev2.cst":55 | Can't find object named 'b[1]'
ERROR  (CT1135) : "E:\sonhaftadersi\fpga_odev2\src\fpga_odev2.cst":56 | Can't find object named 'b[1]'
ERROR  (CT1135) : "E:\sonhaftadersi\fpga_odev2\src\fpga_odev2.cst":57 | Can't find object named 'b[0]'
ERROR  (CT1135) : "E:\sonhaftadersi\fpga_odev2\src\fpga_odev2.cst":58 | Can't find object named 'b[0]'
ERROR  (CT1135) : "E:\sonhaftadersi\fpga_odev2\src\fpga_odev2.cst":59 | Can't find object named 'a[4]'
ERROR  (CT1135) : "E:\sonhaftadersi\fpga_odev2\src\fpga_odev2.cst":60 | Can't find object named 'a[4]'
ERROR  (CT1135) : "E:\sonhaftadersi\fpga_odev2\src\fpga_odev2.cst":61 | Can't find object named 'a[0]'
ERROR  (CT1135) : "E:\sonhaftadersi\fpga_odev2\src\fpga_odev2.cst":62 | Can't find object named 'a[0]'
ERROR  (CT1135) : "E:\sonhaftadersi\fpga_odev2\src\fpga_odev2.cst":63 | Can't find object named 'rst'
ERROR  (CT1135) : "E:\sonhaftadersi\fpga_odev2\src\fpga_odev2.cst":64 | Can't find object named 'rst'
Physical Constraint parsed completed with errors
